Dotr900/build/outputs/logs/manifest-merger-debug-report.txt
-- Merging decision tree log ---
manifest
ADDED from src/main/AndroidManifest.xml:2:1-58:12
INJECTED from src/main/AndroidManifest.xml:2:1-58:12
INJECTED from src/main/AndroidManifest.xml:2:1-58:12
INJECTED from src/main/AndroidManifest.xml:2:1-58:12
INJECTED from src/main/AndroidManifest.xml:2:1-58:12
INJECTED from src/main/AndroidManifest.xml:2:1-58:12
INJECTED from src/main/AndroidManifest.xml:2:1-58:12
	package
		ADDED from src/main/AndroidManifest.xml:3:7-31
		INJECTED from src/main/AndroidManifest.xml
		INJECTED from src/main/AndroidManifest.xml
	android:versionName
		ADDED from src/main/AndroidManifest.xml:5:7-34
		INJECTED from src/main/AndroidManifest.xml
		INJECTED from src/main/AndroidManifest.xml
	xmlns:android
		ADDED from src/main/AndroidManifest.xml:2:11-69
	android:versionCode
		ADDED from src/main/AndroidManifest.xml:4:7-31
		INJECTED from src/main/AndroidManifest.xml
		INJECTED from src/main/AndroidManifest.xml
application
ADDED from src/main/AndroidManifest.xml:7:5-52:19
	android:label
		ADDED from src/main/AndroidManifest.xml:8:6-38
	android:icon
		ADDED from src/main/AndroidManifest.xml:7:18-47
activity#com.dotel.rfid.RFIDStartActivity
ADDED from src/main/AndroidManifest.xml:10:9-17:20
	android:screenOrientation
		ADDED from src/main/AndroidManifest.xml:11:16-52
	android:label
		ADDED from src/main/AndroidManifest.xml:12:16-48
	android:name
		ADDED from src/main/AndroidManifest.xml:10:19-52
intent-filter#action:name:android.intent.action.MAIN+category:name:android.intent.category.LAUNCHER
ADDED from src/main/AndroidManifest.xml:13:13-16:29
action#android.intent.action.MAIN
ADDED from src/main/AndroidManifest.xml:14:17-69
	android:name
		ADDED from src/main/AndroidManifest.xml:14:25-66
category#android.intent.category.LAUNCHER
ADDED from src/main/AndroidManifest.xml:15:17-77
	android:name
		ADDED from src/main/AndroidManifest.xml:15:27-74
activity#com.dotel.rfid.RFIDHostActivity
ADDED from src/main/AndroidManifest.xml:19:9-26:20
	android:screenOrientation
		ADDED from src/main/AndroidManifest.xml:20:19-55
	android:name
		ADDED from src/main/AndroidManifest.xml:19:19-51
intent-filter#action:name:android.intent.action.MAIN
ADDED from src/main/AndroidManifest.xml:22:4-24:29
activity#com.dotel.rfid.RFIDUsbHostActivity
ADDED from src/main/AndroidManifest.xml:28:9-41:20
	android:screenOrientation
		ADDED from src/main/AndroidManifest.xml:29:19-55
	android:name
		ADDED from src/main/AndroidManifest.xml:28:19-54
intent-filter#action:name:android.hardware.usb.action.USB_DEVICE_ATTACHED
ADDED from src/main/AndroidManifest.xml:35:13-37:29
action#android.hardware.usb.action.USB_DEVICE_ATTACHED
ADDED from src/main/AndroidManifest.xml:36:17-89
	android:name
		ADDED from src/main/AndroidManifest.xml:36:25-87
meta-data#android.hardware.usb.action.USB_DEVICE_ATTACHED
ADDED from src/main/AndroidManifest.xml:39:13-40:56
	android:resource
		ADDED from src/main/AndroidManifest.xml:40:17-54
	android:name
		ADDED from src/main/AndroidManifest.xml:39:24-86
activity#com.dotel.rfid.MaskActivity
ADDED from src/main/AndroidManifest.xml:43:9-49:20
	android:screenOrientation
		ADDED from src/main/AndroidManifest.xml:44:19-55
	android:label
		ADDED from src/main/AndroidManifest.xml:45:13-33
	android:name
		ADDED from src/main/AndroidManifest.xml:43:19-47
uses-sdk
ADDED from src/main/AndroidManifest.xml:53:5-44
INJECTED from src/main/AndroidManifest.xml:53:5-44
INJECTED from src/main/AndroidManifest.xml:53:5-44
INJECTED from src/main/AndroidManifest.xml:53:5-44
INJECTED from src/main/AndroidManifest.xml:53:5-44
	android:targetSdkVersion
		INJECTED from src/main/AndroidManifest.xml
		ADDED from src/main/AndroidManifest.xml:53:5-44
		INJECTED from src/main/AndroidManifest.xml
	android:minSdkVersion
		ADDED from src/main/AndroidManifest.xml:53:15-41
		INJECTED from src/main/AndroidManifest.xml
		INJECTED from src/main/AndroidManifest.xml
uses-permission#android.permission.BLUETOOTH
ADDED from src/main/AndroidManifest.xml:54:2-65
	android:name
		ADDED from src/main/AndroidManifest.xml:54:19-62
uses-permission#android.permission.BLUETOOTH_ADMIN
ADDED from src/main/AndroidManifest.xml:55:2-71
	android:name
		ADDED from src/main/AndroidManifest.xml:55:19-68
uses-permission#android.permission.WRITE_EXTERNAL_STORAGE
ADDED from src/main/AndroidManifest.xml:56:2-78
	android:name
		ADDED from src/main/AndroidManifest.xml:56:19-75
uses-permission#android.permission.ACCESS_COARSE_LOCATION
ADDED from src/main/AndroidManifest.xml:57:5-80
	android:name
		ADDED from src/main/AndroidManifest.xml:57:22-78